<?xml version="1.0" encoding="UTF-8"?>
<testng-results skipped="0" failed="0" ignored="0" total="1" passed="1">
  <reporter-output>
  </reporter-output>
  <suite name="Default suite" duration-ms="13764" started-at="2019-09-20T12:12:50Z" finished-at="2019-09-20T12:13:04Z">
    <groups>
    </groups>
    <test name="Default test" duration-ms="13764" started-at="2019-09-20T12:12:50Z" finished-at="2019-09-20T12:13:04Z">
      <class name="tooltip.tooltipStrategy2">
        <test-method status="PASS" signature="tooltipData()[pri:0, instance:tooltip.tooltipStrategy2@6a024a67]" name="tooltipData" duration-ms="13745" started-at="2019-09-20T17:42:50Z" finished-at="2019-09-20T17:43:04Z">
          <reporter-output>
          </reporter-output>
        </test-method> <!-- tooltipData -->
      </class> <!-- tooltip.tooltipStrategy2 -->
    </test> <!-- Default test -->
  </suite> <!-- Default suite -->
</testng-results>
